2025-07-27 06:13:46 - INFO - __main__ - Initializing Streamlit dashboard
2025-07-27 06:13:46 - INFO - __main__ - Initializing Streamlit dashboard
2025-07-27 06:13:46 - ERROR - utils - File not found: data/aws_hybrid_usage.csv
2025-07-27 06:13:46 - ERROR - utils - File not found: data/aws_hybrid_usage.csv
2025-07-27 06:13:46 - ERROR - utils - Error loading data/aws_hybrid_usage.csv: Data file data/aws_hybrid_usage.csv does not exist
Traceback (most recent call last):
  File "C:\Users\Asus-PC\cloud-saver\streamlit\utils.py", line 13, in load_data
    raise FileNotFoundError(f"Data file {file_path} does not exist")
FileNotFoundError: Data file data/aws_hybrid_usage.csv does not exist
2025-07-27 06:13:46 - ERROR - utils - Error loading data/aws_hybrid_usage.csv: Data file data/aws_hybrid_usage.csv does not exist
Traceback (most recent call last):
  File "C:\Users\Asus-PC\cloud-saver\streamlit\utils.py", line 13, in load_data
    raise FileNotFoundError(f"Data file {file_path} does not exist")
FileNotFoundError: Data file data/aws_hybrid_usage.csv does not exist
2025-07-27 06:13:46 - ERROR - __main__ - Dashboard error: Data file data/aws_hybrid_usage.csv does not exist
Traceback (most recent call last):
  File "C:\Users\Asus-PC\cloud-saver\streamlit\app.py", line 32, in main
    cost_data = load_data("data/aws_hybrid_usage.csv")
                ^^^^^^^^^^^^^^^^^^^^^^^^^^^^^^^^^^^^^^
  File "C:\Users\Asus-PC\cloud-saver\streamlit\utils.py", line 13, in load_data
    raise FileNotFoundError(f"Data file {file_path} does not exist")
FileNotFoundError: Data file data/aws_hybrid_usage.csv does not exist
2025-07-27 06:13:46 - ERROR - __main__ - Dashboard error: Data file data/aws_hybrid_usage.csv does not exist
Traceback (most recent call last):
  File "C:\Users\Asus-PC\cloud-saver\streamlit\app.py", line 32, in main
    cost_data = load_data("data/aws_hybrid_usage.csv")
                ^^^^^^^^^^^^^^^^^^^^^^^^^^^^^^^^^^^^^^
  File "C:\Users\Asus-PC\cloud-saver\streamlit\utils.py", line 13, in load_data
    raise FileNotFoundError(f"Data file {file_path} does not exist")
FileNotFoundError: Data file data/aws_hybrid_usage.csv does not exist
2025-07-27 06:13:48 - INFO - __main__ - Initializing Streamlit dashboard
2025-07-27 06:13:48 - ERROR - utils - File not found: data/aws_hybrid_usage.csv
2025-07-27 06:13:48 - ERROR - utils - Error loading data/aws_hybrid_usage.csv: Data file data/aws_hybrid_usage.csv does not exist
Traceback (most recent call last):
  File "C:\Users\Asus-PC\cloud-saver\streamlit\utils.py", line 13, in load_data
    raise FileNotFoundError(f"Data file {file_path} does not exist")
FileNotFoundError: Data file data/aws_hybrid_usage.csv does not exist
2025-07-27 06:13:48 - ERROR - __main__ - Dashboard error: Data file data/aws_hybrid_usage.csv does not exist
Traceback (most recent call last):
  File "C:\Users\Asus-PC\cloud-saver\streamlit\app.py", line 32, in main
    cost_data = load_data("data/aws_hybrid_usage.csv")
                ^^^^^^^^^^^^^^^^^^^^^^^^^^^^^^^^^^^^^^
  File "C:\Users\Asus-PC\cloud-saver\streamlit\utils.py", line 13, in load_data
    raise FileNotFoundError(f"Data file {file_path} does not exist")
FileNotFoundError: Data file data/aws_hybrid_usage.csv does not exist
2025-07-27 06:38:32 - INFO - __main__ - Initializing Streamlit dashboard
2025-07-27 06:38:32 - ERROR - utils - File not found: data/aws_hybrid_usage.csv
2025-07-27 06:38:32 - ERROR - utils - Error loading data/aws_hybrid_usage.csv: Data file data/aws_hybrid_usage.csv does not exist
Traceback (most recent call last):
  File "C:\Users\Asus-PC\cloud-saver\streamlit\utils.py", line 13, in load_data
    raise FileNotFoundError(f"Data file {file_path} does not exist")
FileNotFoundError: Data file data/aws_hybrid_usage.csv does not exist
2025-07-27 06:38:32 - ERROR - __main__ - Dashboard error: Data file data/aws_hybrid_usage.csv does not exist
Traceback (most recent call last):
  File "C:\Users\Asus-PC\cloud-saver\streamlit\app.py", line 32, in main
    cost_data = load_data("data/aws_hybrid_usage.csv")
                ^^^^^^^^^^^^^^^^^^^^^^^^^^^^^^^^^^^^^^
  File "C:\Users\Asus-PC\cloud-saver\streamlit\utils.py", line 13, in load_data
    raise FileNotFoundError(f"Data file {file_path} does not exist")
FileNotFoundError: Data file data/aws_hybrid_usage.csv does not exist
2025-07-27 06:48:50 - INFO - __main__ - Initializing Streamlit dashboard
2025-07-27 06:48:50 - INFO - __main__ - Initializing Streamlit dashboard
2025-07-27 06:48:50 - ERROR - utils - File not found: C:\Users\Asus-PC\cloud-saver\streamlit\data\aws_hybrid_usage.csv
Directory contents: []
2025-07-27 06:48:50 - ERROR - utils - Failed to load aws_hybrid_usage.csv: FileNotFoundError
Error: Data file not found at: C:\Users\Asus-PC\cloud-saver\streamlit\data\aws_hybrid_usage.csv
Available files: []
File size: 0 bytes
Traceback (most recent call last):
  File "C:\Users\Asus-PC\cloud-saver\streamlit\utils.py", line 36, in load_data
    raise FileNotFoundError(
FileNotFoundError: Data file not found at: C:\Users\Asus-PC\cloud-saver\streamlit\data\aws_hybrid_usage.csv
Available files: []
2025-07-27 06:48:50 - CRITICAL - __main__ - Data file missing: Data file not found at: C:\Users\Asus-PC\cloud-saver\streamlit\data\aws_hybrid_usage.csv
Available files: []
Traceback (most recent call last):
  File "C:\Users\Asus-PC\cloud-saver\streamlit\app.py", line 44, in main
    cost_data = load_data(cost_data_path)
                ^^^^^^^^^^^^^^^^^^^^^^^^^
  File "C:\Users\Asus-PC\cloud-saver\streamlit\utils.py", line 36, in load_data
    raise FileNotFoundError(
FileNotFoundError: Data file not found at: C:\Users\Asus-PC\cloud-saver\streamlit\data\aws_hybrid_usage.csv
Available files: []
2025-07-27 06:48:51 - ERROR - utils - File not found: C:\Users\Asus-PC\cloud-saver\streamlit\data\aws_hybrid_usage.csv
Directory contents: []
2025-07-27 06:48:51 - ERROR - utils - Failed to load aws_hybrid_usage.csv: FileNotFoundError
Error: Data file not found at: C:\Users\Asus-PC\cloud-saver\streamlit\data\aws_hybrid_usage.csv
Available files: []
File size: 0 bytes
Traceback (most recent call last):
  File "C:\Users\Asus-PC\cloud-saver\streamlit\utils.py", line 36, in load_data
    raise FileNotFoundError(
FileNotFoundError: Data file not found at: C:\Users\Asus-PC\cloud-saver\streamlit\data\aws_hybrid_usage.csv
Available files: []
2025-07-27 06:48:51 - CRITICAL - __main__ - Data file missing: Data file not found at: C:\Users\Asus-PC\cloud-saver\streamlit\data\aws_hybrid_usage.csv
Available files: []
Traceback (most recent call last):
  File "C:\Users\Asus-PC\cloud-saver\streamlit\app.py", line 44, in main
    cost_data = load_data(cost_data_path)
                ^^^^^^^^^^^^^^^^^^^^^^^^^
  File "C:\Users\Asus-PC\cloud-saver\streamlit\utils.py", line 36, in load_data
    raise FileNotFoundError(
FileNotFoundError: Data file not found at: C:\Users\Asus-PC\cloud-saver\streamlit\data\aws_hybrid_usage.csv
Available files: []
