2025-07-24 22:39:24 | INFO | Found credentials in shared credentials file: ~/.aws/credentials
2025-07-24 22:39:24 | INFO | Connected to AWS Pricing API.
2025-07-24 22:39:24 | INFO | Fetching pricing data for service: AmazonEC2
2025-07-24 22:39:24 | INFO | \U0001f4e5 Processing page 1
2025-07-24 22:39:25 | INFO | \U0001f4e5 Processing page 2
2025-07-24 22:39:25 | INFO | \U0001f4e5 Processing page 3
2025-07-24 22:39:26 | INFO | \U0001f4e5 Processing page 4
2025-07-24 22:39:26 | INFO | \U0001f4e5 Processing page 5
2025-07-24 22:39:26 | INFO | Max pages limit reached: 5
2025-07-24 22:39:26 | INFO | Fetched 500 pricing entries.
2025-07-24 22:39:26 | INFO | Saved pricing data to aws_pricing.json
2025-07-24 22:40:40 | INFO | Found credentials in shared credentials file: ~/.aws/credentials
2025-07-24 22:40:40 | INFO | Connected to AWS Pricing API.
2025-07-24 22:40:40 | INFO | Fetching pricing data for service: AmazonEC2
2025-07-24 22:40:40 | INFO | \U0001f4e5 Processing page 1
2025-07-24 22:40:41 | INFO | \U0001f4e5 Processing page 2
2025-07-24 22:40:41 | INFO | \U0001f4e5 Processing page 3
2025-07-24 22:40:41 | INFO | \U0001f4e5 Processing page 4
2025-07-24 22:40:41 | INFO | \U0001f4e5 Processing page 5
2025-07-24 22:40:41 | INFO | Max pages limit reached: 5
2025-07-24 22:40:41 | INFO | Fetched 500 pricing entries.
2025-07-24 22:40:41 | INFO | Saved pricing data to data\aws_pricing.json
