2025-07-27 04:28:00,529 [INFO] Starting HYBRID data generation...
2025-07-27 04:28:00,533 [INFO] Loaded 2 real data points
2025-07-27 04:28:00,611 [INFO] Saved hybrid AWS data to: data\aws_hybrid_usage.csv
2025-07-27 04:28:00,612 [INFO] Breakdown:
data_type
synthetic    60
real          2
Name: count, dtype: int64
2025-07-27 04:28:00,615 [INFO] Saved enhanced spot instance data to: data\aws_hybrid_spot_instances.csv
2025-07-27 04:28:00,615 [INFO] Hybrid data generation completed successfully.
2025-07-27 04:42:26,281 [INFO] Starting ENHANCED HYBRID data generation...
2025-07-27 04:42:26,285 [INFO] Loaded 2 real data points
2025-07-27 04:47:42,783 [INFO] Starting ENHANCED HYBRID data generation...
2025-07-27 04:47:42,787 [INFO] Loaded 2 real data points
2025-07-27 04:47:42,787 [WARNING] Very small real dataset - using industry benchmarks
2025-07-27 04:47:42,789 [WARNING] Insufficient data (1 points). Using fallback patterns.
2025-07-27 04:47:42,843 [INFO] Saved hybrid AWS data to: data\aws_hybrid_usage.csv
2025-07-27 04:47:42,843 [INFO] Breakdown:
data_type
synthetic    60
real          2
Name: count, dtype: int64
2025-07-27 04:47:42,849 [INFO] Saved enhanced spot instance data to: data\aws_hybrid_spot_instances.csv
2025-07-27 04:47:43,321 [INFO] Generated validation report at docs/hybrid_validation.png
2025-07-27 04:47:43,321 [INFO] Hybrid data generation and validation completed successfully.
2025-07-27 04:48:01,281 [INFO] Starting ENHANCED HYBRID data generation...
2025-07-27 04:48:01,285 [INFO] Loaded 2 real data points
2025-07-27 04:48:01,286 [WARNING] Very small real dataset - using industry benchmarks
2025-07-27 04:48:01,287 [WARNING] Insufficient data (1 points). Using fallback patterns.
2025-07-27 04:48:01,349 [INFO] Saved hybrid AWS data to: data\aws_hybrid_usage.csv
2025-07-27 04:48:01,349 [INFO] Breakdown:
data_type
synthetic    60
real          2
Name: count, dtype: int64
2025-07-27 04:48:01,355 [INFO] Saved enhanced spot instance data to: data\aws_hybrid_spot_instances.csv
2025-07-27 04:48:01,818 [INFO] Generated validation report at docs/hybrid_validation.png
2025-07-27 04:48:01,818 [INFO] Hybrid data generation and validation completed successfully.
2025-07-27 04:55:28,238 [INFO] Starting ENHANCED HYBRID data generation...
2025-07-27 04:55:28,243 [INFO] Loaded 2 real data points
2025-07-27 04:55:28,243 [WARNING] Very small real dataset - using industry benchmarks
2025-07-27 04:55:28,245 [WARNING] Insufficient data (1 points). Using fallback patterns.
2025-07-27 04:55:28,301 [INFO] Saved hybrid AWS data to: data\aws_hybrid_usage.csv
2025-07-27 04:55:28,302 [INFO] Breakdown:
data_type
synthetic    60
real          2
Name: count, dtype: int64
2025-07-27 04:55:28,305 [INFO] Saved enhanced spot instance data to: data\aws_hybrid_spot_instances.csv
2025-07-27 04:55:28,768 [INFO] Generated validation report at docs/hybrid_validation.png
2025-07-27 04:55:28,769 [INFO] Hybrid data generation and validation completed successfully.
